<?xml version="1.0" encoding="UTF-8"?>
<testsuites name="YourLogoTestdata" time="289.723" tests="2" failures="2" errors="0">
   <testsuite name="YourLogoTestdata" tests="2" failures="2" errors="0" time="289.723" skipped="0" timestamp="2021-08-05 21:13:46" hostname="Arvind - DESKTOP-7JFCFTT" id="Test Suites/YourLogoTestdata">
      <properties>
         <property name="deviceName" value=""/>
         <property name="devicePlatform" value=""/>
         <property name="logFolder" value="C:\\Users\\Arvind\\Katalon Studio\\Login2YourLogo\\Reports\\20210805_211331\\YourLogoTestdata\\20210805_211331"/>
         <property name="logFiles" value="C:\\Users\\Arvind\\Katalon Studio\\Login2YourLogo\\Reports\\20210805_211331\\YourLogoTestdata\\20210805_211331\\execution0.log"/>
         <property name="attachments" value="C:\\Users\\Arvind\\Katalon Studio\\Login2YourLogo\\Reports\\20210805_211331\\YourLogoTestdata\\20210805_211331\\1628190975458.png, C:\\Users\\Arvind\\Katalon Studio\\Login2YourLogo\\Reports\\20210805_211331\\YourLogoTestdata\\20210805_211331\\1628191113667.png"/>
         <property name="hostName" value="Arvind - DESKTOP-7JFCFTT"/>
         <property name="os" value="Windows 10 64bit"/>
         <property name="katalonVersion" value="8.0.5.208"/>
         <property name="browser" value="Chrome 92.0.4515.131"/>
         <property name="hostAddress" value="10.0.0.109"/>
         <property name="sessionId" value="da1de8d46611190d9491a8e6af23365d"/>
         <property name="seleniumVersion" value="3.141.59"/>
         <property name="proxyInformation" value="ProxyInformation { proxyOption=NO_PROXY, proxyServerType=HTTP, username=, password=********, proxyServerAddress=, proxyServerPort=0, executionList=&quot;&quot;, isApplyToDesiredCapabilities=true }"/>
         <property name="platform" value="Windows 10"/>
      </properties>
      <testcase name="Test Cases/ReOrderFromOrderHistory" time="148.838" classname="Test Cases/ReOrderFromOrderHistory" status="FAILED">
         <failure type="FAILED" message="Test Cases/ReOrderFromOrderHistory FAILED.
Reason:
com.kms.katalon.core.exception.StepFailedException: Unable to click on object 'Object Repository/YourLogo/Page_Order confirmation - My Store/btnShippingCheckout'
	at com.kms.katalon.core.webui.keyword.internal.WebUIKeywordMain.stepFailed(WebUIKeywordMain.groovy:64)
	at com.kms.katalon.core.webui.keyword.internal.WebUIKeywordMain.runKeyword(WebUIKeywordMain.groovy:26)
	at com.kms.katalon.core.webui.keyword.builtin.ClickKeyword.click(ClickKeyword.groovy:75)
	at com.kms.katalon.core.webui.keyword.builtin.ClickKeyword.execute(ClickKeyword.groovy:42)
	at com.kms.katalon.core.keyword.internal.KeywordExecutor.executeKeywordForPlatform(KeywordExecutor.groovy:73)
	at com.kms.katalon.core.webui.keyword.WebUiBuiltInKeywords.click(WebUiBuiltInKeywords.groovy:620)
	at com.kms.katalon.core.webui.keyword.WebUiBuiltInKeywords$click$1.call(Unknown Source)
	at ReOrderFromOrderHistory.run(ReOrderFromOrderHistory:53)
	at com.kms.katalon.core.main.ScriptEngine.run(ScriptEngine.java:194)
	at com.kms.katalon.core.main.ScriptEngine.runScriptAsRawText(ScriptEngine.java:119)
	at com.kms.katalon.core.main.TestCaseExecutor.runScript(TestCaseExecutor.java:369)
	at com.kms.katalon.core.main.TestCaseExecutor.doExecute(TestCaseExecutor.java:360)
	at com.kms.katalon.core.main.TestCaseExecutor.processExecutionPhase(TestCaseExecutor.java:339)
	at com.kms.katalon.core.main.TestCaseExecutor.accessMainPhase(TestCaseExecutor.java:331)
	at com.kms.katalon.core.main.TestCaseExecutor.execute(TestCaseExecutor.java:248)
	at com.kms.katalon.core.main.TestSuiteExecutor.accessTestCaseMainPhase(TestSuiteExecutor.java:191)
	at com.kms.katalon.core.main.TestSuiteExecutor.accessTestSuiteMainPhase(TestSuiteExecutor.java:140)
	at com.kms.katalon.core.main.TestSuiteExecutor.execute(TestSuiteExecutor.java:89)
	at com.kms.katalon.core.main.TestCaseMain.startTestSuite(TestCaseMain.java:185)
	at com.kms.katalon.core.main.TestCaseMain$startTestSuite$0.call(Unknown Source)
	at TempTestSuite1628190811787.run(TempTestSuite1628190811787.groovy:39)
Caused by: com.kms.katalon.core.webui.exception.WebElementNotFoundException: Web element with id: 'Object Repository/YourLogo/Page_Order confirmation - My Store/btnShippingCheckout' located by '//div[@id='center_column']/p' not found
	at com.kms.katalon.core.webui.common.WebUiCommonHelper.findWebElement(WebUiCommonHelper.java:1368)
	at com.kms.katalon.core.webui.keyword.internal.WebUIAbstractKeyword.findWebElement(WebUIAbstractKeyword.groovy:27)
	at com.kms.katalon.core.webui.keyword.internal.WebUIAbstractKeyword.findWebElement(WebUIAbstractKeyword.groovy:26)
	at com.kms.katalon.core.webui.keyword.builtin.ClickKeyword$_click_closure1.doCall(ClickKeyword.groovy:66)
	at com.kms.katalon.core.webui.keyword.builtin.ClickKeyword$_click_closure1.call(ClickKeyword.groovy)
	at com.kms.katalon.core.webui.keyword.internal.WebUIKeywordMain.runKeyword(WebUIKeywordMain.groovy:20)
	... 19 more
"/>
         <system-out><![CDATA[2021-08-05 21:13:46 - [TEST_CASE][FAILED] - Test Cases/ReOrderFromOrderHistory: Test Cases/ReOrderFromOrderHistory FAILED.
Reason:
com.kms.katalon.core.exception.StepFailedException: Unable to click on object 'Object Repository/YourLogo/Page_Order confirmation - My Store/btnShippingCheckout'
	at com.kms.katalon.core.webui.keyword.internal.WebUIKeywordMain.stepFailed(WebUIKeywordMain.groovy:64)
	at com.kms.katalon.core.webui.keyword.internal.WebUIKeywordMain.runKeyword(WebUIKeywordMain.groovy:26)
	at com.kms.katalon.core.webui.keyword.builtin.ClickKeyword.click(ClickKeyword.groovy:75)
	at com.kms.katalon.core.webui.keyword.builtin.ClickKeyword.execute(ClickKeyword.groovy:42)
	at com.kms.katalon.core.keyword.internal.KeywordExecutor.executeKeywordForPlatform(KeywordExecutor.groovy:73)
	at com.kms.katalon.core.webui.keyword.WebUiBuiltInKeywords.click(WebUiBuiltInKeywords.groovy:620)
	at com.kms.katalon.core.webui.keyword.WebUiBuiltInKeywords$click$1.call(Unknown Source)
	at ReOrderFromOrderHistory.run(ReOrderFromOrderHistory:53)
	at com.kms.katalon.core.main.ScriptEngine.run(ScriptEngine.java:194)
	at com.kms.katalon.core.main.ScriptEngine.runScriptAsRawText(ScriptEngine.java:119)
	at com.kms.katalon.core.main.TestCaseExecutor.runScript(TestCaseExecutor.java:369)
	at com.kms.katalon.core.main.TestCaseExecutor.doExecute(TestCaseExecutor.java:360)
	at com.kms.katalon.core.main.TestCaseExecutor.processExecutionPhase(TestCaseExecutor.java:339)
	at com.kms.katalon.core.main.TestCaseExecutor.accessMainPhase(TestCaseExecutor.java:331)
	at com.kms.katalon.core.main.TestCaseExecutor.execute(TestCaseExecutor.java:248)
	at com.kms.katalon.core.main.TestSuiteExecutor.accessTestCaseMainPhase(TestSuiteExecutor.java:191)
	at com.kms.katalon.core.main.TestSuiteExecutor.accessTestSuiteMainPhase(TestSuiteExecutor.java:140)
	at com.kms.katalon.core.main.TestSuiteExecutor.execute(TestSuiteExecutor.java:89)
	at com.kms.katalon.core.main.TestCaseMain.startTestSuite(TestCaseMain.java:185)
	at com.kms.katalon.core.main.TestCaseMain$startTestSuite$0.call(Unknown Source)
	at TempTestSuite1628190811787.run(TempTestSuite1628190811787.groovy:39)
Caused by: com.kms.katalon.core.webui.exception.WebElementNotFoundException: Web element with id: 'Object Repository/YourLogo/Page_Order confirmation - My Store/btnShippingCheckout' located by '//div[@id='center_column']/p' not found
	at com.kms.katalon.core.webui.common.WebUiCommonHelper.findWebElement(WebUiCommonHelper.java:1368)
	at com.kms.katalon.core.webui.keyword.internal.WebUIAbstractKeyword.findWebElement(WebUIAbstractKeyword.groovy:27)
	at com.kms.katalon.core.webui.keyword.internal.WebUIAbstractKeyword.findWebElement(WebUIAbstractKeyword.groovy:26)
	at com.kms.katalon.core.webui.keyword.builtin.ClickKeyword$_click_closure1.doCall(ClickKeyword.groovy:66)
	at com.kms.katalon.core.webui.keyword.builtin.ClickKeyword$_click_closure1.call(ClickKeyword.groovy)
	at com.kms.katalon.core.webui.keyword.internal.WebUIKeywordMain.runKeyword(WebUIKeywordMain.groovy:20)
	... 19 more


2021-08-05 21:13:47 - [TEST_STEP][PASSED] - openBrowser(url): Browser is opened with url: 'http://automationpractice.com/index.php?controller=authentication&back=my-account'

2021-08-05 21:13:48 - [MESSAGE][INFO] - Starting 'Chrome' driver

2021-08-05 21:13:48 - [MESSAGE][INFO] - Action delay is set to 0 milliseconds

2021-08-05 21:14:01 - [MESSAGE][PASSED] - Browser is opened with url: 'http://automationpractice.com/index.php?controller=authentication&back=my-account'

2021-08-05 21:14:01 - [TEST_STEP][PASSED] - setText(findTestObject("YourLogo/LoginPage/txtUsername"), strUsername): Text 'arvind.moosanah@gmail.com' is set on object 'Object Repository/YourLogo/LoginPage/txtUsername'

2021-08-05 21:14:03 - [MESSAGE][PASSED] - Text 'arvind.moosanah@gmail.com' is set on object 'Object Repository/YourLogo/LoginPage/txtUsername'

2021-08-05 21:14:03 - [TEST_STEP][PASSED] - setText(findTestObject("YourLogo/LoginPage/txtPasswd"), strPasswrd): Text 'Arvind@2412' is set on object 'Object Repository/YourLogo/LoginPage/txtPasswd'

2021-08-05 21:14:04 - [MESSAGE][PASSED] - Text 'Arvind@2412' is set on object 'Object Repository/YourLogo/LoginPage/txtPasswd'

2021-08-05 21:14:04 - [TEST_STEP][PASSED] - click(findTestObject("YourLogo/LoginPage/btnSignIn")): Object: 'Object Repository/YourLogo/LoginPage/btnSignIn' is clicked on

2021-08-05 21:14:14 - [MESSAGE][PASSED] - Object: 'Object Repository/YourLogo/LoginPage/btnSignIn' is clicked on

2021-08-05 21:14:14 - [TEST_STEP][PASSED] - click(findTestObject("YourLogo/Page_My account - My Store/btnOrderHstrynDtls")): Object: 'Object Repository/YourLogo/Page_My account - My Store/btnOrderHstrynDtls' is clicked on

2021-08-05 21:14:23 - [MESSAGE][PASSED] - Object: 'Object Repository/YourLogo/Page_My account - My Store/btnOrderHstrynDtls' is clicked on

2021-08-05 21:14:23 - [TEST_STEP][PASSED] - click(findTestObject("YourLogo/Page_Order history - My Store/span_Reorder_footable-toggle")): Object: 'Object Repository/YourLogo/Page_Order history - My Store/span_Reorder_footable-toggle' is clicked on

2021-08-05 21:14:24 - [MESSAGE][PASSED] - Object: 'Object Repository/YourLogo/Page_Order history - My Store/span_Reorder_footable-toggle' is clicked on

2021-08-05 21:14:24 - [TEST_STEP][PASSED] - click(findTestObject("YourLogo/Page_Order history - My Store/btnReOrder")): Object: 'Object Repository/YourLogo/Page_Order history - My Store/btnReOrder' is clicked on

2021-08-05 21:14:39 - [MESSAGE][PASSED] - Object: 'Object Repository/YourLogo/Page_Order history - My Store/btnReOrder' is clicked on

2021-08-05 21:14:39 - [TEST_STEP][PASSED] - click(findTestObject("YourLogo/Page_Order - My Store/btnSummaryCheckout")): Object: 'Object Repository/YourLogo/Page_Order - My Store/btnSummaryCheckout' is clicked on

2021-08-05 21:14:48 - [MESSAGE][PASSED] - Object: 'Object Repository/YourLogo/Page_Order - My Store/btnSummaryCheckout' is clicked on

2021-08-05 21:14:48 - [TEST_STEP][PASSED] - setText(findTestObject("YourLogo/Page_Order - My Store/txtfreetext"), Comment): Text 'Please advise the delievery date' is set on object 'Object Repository/YourLogo/Page_Order - My Store/txtfreetext'

2021-08-05 21:14:49 - [MESSAGE][PASSED] - Text 'Please advise the delievery date' is set on object 'Object Repository/YourLogo/Page_Order - My Store/txtfreetext'

2021-08-05 21:14:49 - [TEST_STEP][PASSED] - click(findTestObject("YourLogo/Page_Order - My Store/btnAddressCheckout")): Object: 'Object Repository/YourLogo/Page_Order - My Store/btnAddressCheckout' is clicked on

2021-08-05 21:15:20 - [MESSAGE][INFO] - Unable to find the element located by 'By.xpath: //form[@id='form']/p/button/span'. Please recheck the objects properties to make sure the desired element is located. 

2021-08-05 21:15:20 - [MESSAGE][WARNING] - [SELF-HEALING] Failed to find element with id 'Object Repository/YourLogo/Page_Order - My Store/btnAddressCheckout'. Try using Self-healing.

2021-08-05 21:15:21 - [MESSAGE][WARNING] - [SELF-HEALING] The current locator of test object 'Object Repository/YourLogo/Page_Order - My Store/btnAddressCheckout' was broken. Propose an alternative one: '(.//*[normalize-space(text()) and normalize-space(.)='Newsletter'])[1]/preceding::span[1]'.

2021-08-05 21:15:29 - [MESSAGE][PASSED] - Object: 'Object Repository/YourLogo/Page_Order - My Store/btnAddressCheckout' is clicked on

2021-08-05 21:15:29 - [TEST_STEP][PASSED] - click(findTestObject("YourLogo/Page_Order - My Store/chkTnC")): Object: 'Object Repository/YourLogo/Page_Order - My Store/chkTnC' is clicked on

2021-08-05 21:15:30 - [MESSAGE][PASSED] - Object: 'Object Repository/YourLogo/Page_Order - My Store/chkTnC' is clicked on

2021-08-05 21:15:30 - [TEST_STEP][PASSED] - click(findTestObject("YourLogo/Page_Order - My Store/btnAddressCheckout")): Object: 'Object Repository/YourLogo/Page_Order - My Store/btnAddressCheckout' is clicked on

2021-08-05 21:15:40 - [MESSAGE][PASSED] - Object: 'Object Repository/YourLogo/Page_Order - My Store/btnAddressCheckout' is clicked on

2021-08-05 21:15:40 - [TEST_STEP][PASSED] - click(findTestObject("YourLogo/Page_Order - My Store/btnPBCheck")): Object: 'Object Repository/YourLogo/Page_Order - My Store/btnPBCheck' is clicked on

2021-08-05 21:15:40 - [MESSAGE][PASSED] - Object: 'Object Repository/YourLogo/Page_Order - My Store/btnPBCheck' is clicked on

2021-08-05 21:15:40 - [TEST_STEP][FAILED] - click(findTestObject("YourLogo/Page_Order confirmation - My Store/btnShippingCheckout")): Unable to click on object 'Object Repository/YourLogo/Page_Order confirmation - My Store/btnShippingCheckout' (Root cause: com.kms.katalon.core.exception.StepFailedException: Unable to click on object 'Object Repository/YourLogo/Page_Order confirmation - My Store/btnShippingCheckout'
	at com.kms.katalon.core.webui.keyword.internal.WebUIKeywordMain.stepFailed(WebUIKeywordMain.groovy:64)
	at com.kms.katalon.core.webui.keyword.internal.WebUIKeywordMain.runKeyword(WebUIKeywordMain.groovy:26)
	at com.kms.katalon.core.webui.keyword.builtin.ClickKeyword.click(ClickKeyword.groovy:75)
	at com.kms.katalon.core.webui.keyword.builtin.ClickKeyword.execute(ClickKeyword.groovy:42)
	at com.kms.katalon.core.keyword.internal.KeywordExecutor.executeKeywordForPlatform(KeywordExecutor.groovy:73)
	at com.kms.katalon.core.webui.keyword.WebUiBuiltInKeywords.click(WebUiBuiltInKeywords.groovy:620)
	at com.kms.katalon.core.webui.keyword.WebUiBuiltInKeywords$click$1.call(Unknown Source)
	at ReOrderFromOrderHistory.run(ReOrderFromOrderHistory:53)
	at com.kms.katalon.core.main.ScriptEngine.run(ScriptEngine.java:194)
	at com.kms.katalon.core.main.ScriptEngine.runScriptAsRawText(ScriptEngine.java:119)
	at com.kms.katalon.core.main.TestCaseExecutor.runScript(TestCaseExecutor.java:369)
	at com.kms.katalon.core.main.TestCaseExecutor.doExecute(TestCaseExecutor.java:360)
	at com.kms.katalon.core.main.TestCaseExecutor.processExecutionPhase(TestCaseExecutor.java:339)
	at com.kms.katalon.core.main.TestCaseExecutor.accessMainPhase(TestCaseExecutor.java:331)
	at com.kms.katalon.core.main.TestCaseExecutor.execute(TestCaseExecutor.java:248)
	at com.kms.katalon.core.main.TestSuiteExecutor.accessTestCaseMainPhase(TestSuiteExecutor.java:191)
	at com.kms.katalon.core.main.TestSuiteExecutor.accessTestSuiteMainPhase(TestSuiteExecutor.java:140)
	at com.kms.katalon.core.main.TestSuiteExecutor.execute(TestSuiteExecutor.java:89)
	at com.kms.katalon.core.main.TestCaseMain.startTestSuite(TestCaseMain.java:185)
	at com.kms.katalon.core.main.TestCaseMain$startTestSuite$0.call(Unknown Source)
	at TempTestSuite1628190811787.run(TempTestSuite1628190811787.groovy:39)
Caused by: com.kms.katalon.core.webui.exception.WebElementNotFoundException: Web element with id: 'Object Repository/YourLogo/Page_Order confirmation - My Store/btnShippingCheckout' located by '//div[@id='center_column']/p' not found
	at com.kms.katalon.core.webui.common.WebUiCommonHelper.findWebElement(WebUiCommonHelper.java:1368)
	at com.kms.katalon.core.webui.keyword.internal.WebUIAbstractKeyword.findWebElement(WebUIAbstractKeyword.groovy:27)
	at com.kms.katalon.core.webui.keyword.internal.WebUIAbstractKeyword.findWebElement(WebUIAbstractKeyword.groovy:26)
	at com.kms.katalon.core.webui.keyword.builtin.ClickKeyword$_click_closure1.doCall(ClickKeyword.groovy:66)
	at com.kms.katalon.core.webui.keyword.builtin.ClickKeyword$_click_closure1.call(ClickKeyword.groovy)
	at com.kms.katalon.core.webui.keyword.internal.WebUIKeywordMain.runKeyword(WebUIKeywordMain.groovy:20)
	at com.kms.katalon.core.webui.keyword.builtin.ClickKeyword.click(ClickKeyword.groovy:75)
	at com.kms.katalon.core.webui.keyword.builtin.ClickKeyword.execute(ClickKeyword.groovy:42)
	at com.kms.katalon.core.keyword.internal.KeywordExecutor.executeKeywordForPlatform(KeywordExecutor.groovy:73)
	at com.kms.katalon.core.webui.keyword.WebUiBuiltInKeywords.click(WebUiBuiltInKeywords.groovy:620)
	at com.kms.katalon.core.webui.keyword.WebUiBuiltInKeywords$click$1.call(Unknown Source)
	at Script1628175990443.run(Script1628175990443.groovy:53)
	... 13 more
)

2021-08-05 21:16:12 - [MESSAGE][INFO] - Unable to find the element located by 'By.xpath: //div[@id='center_column']/p'. Please recheck the objects properties to make sure the desired element is located. 

2021-08-05 21:16:12 - [MESSAGE][WARNING] - [SELF-HEALING] Failed to find element with id 'Object Repository/YourLogo/Page_Order confirmation - My Store/btnShippingCheckout'. Try using Self-healing.

2021-08-05 21:16:12 - [MESSAGE][INFO] - [SELF-HEALING] Failed Locator: '//div[@id='center_column']/p'.

2021-08-05 21:16:12 - [MESSAGE][INFO] - [SELF-HEALING] Failed Locator: '(.//*[normalize-space(text()) and normalize-space(.)='Your check must include:'])[1]/preceding::p[1]'.

2021-08-05 21:16:13 - [MESSAGE][INFO] - [SELF-HEALING] Working Locator: '(.//*[normalize-space(text()) and normalize-space(.)='$18.51'])[1]/preceding::p[1]'.

2021-08-05 21:16:13 - [MESSAGE][ERROR] - [SELF-HEALING] Cannot save screenshot to: C:\Users\Arvind\Katalon Studio\Login2YourLogo\Reports\Self-healing, reason: unknown error: unhandled inspector error: {"code":-32000,"message":"Cannot take screenshot with 0 width."}
  (Session info: chrome=92.0.4515.131)
Build info: version: '3.141.59', revision: 'e82be7d358', time: '2018-11-14T08:25:53'
System info: host: 'DESKTOP-7JFCFTT', ip: '10.0.0.109', os.name: 'Windows 10', os.arch: 'amd64', os.version: '10.0', java.version: '1.8.0_282'
Driver info: com.kms.katalon.selenium.driver.CChromeDriver
Capabilities {acceptInsecureCerts: false, browserName: chrome, browserVersion: 92.0.4515.131, chrome: {chromedriverVersion: 92.0.4515.43 (8c61b7e2989f2..., userDataDir: C:\Users\Arvind\AppData\Loc...}, goog:chromeOptions: {debuggerAddress: localhost:57317}, javascriptEnabled: true, networkConnectionEnabled: false, pageLoadStrategy: normal, platform: WINDOWS, platformName: WINDOWS, proxy: Proxy(), setWindowRect: true, strictFileInteractability: false, timeouts: {implicit: 0, pageLoad: 300000, script: 30000}, unhandledPromptBehavior: dismiss and notify, webauthn:extension:credBlob: true, webauthn:extension:largeBlob: true, webauthn:virtualAuthenticators: true}
Session ID: da9e167abf14e353690836ed37cda770.

2021-08-05 21:16:13 - [MESSAGE][ERROR] - [SELF-HEALING] Cannot save screenshot to: C:\Users\Arvind\Katalon Studio\Login2YourLogo\Reports\Self-healing, reason: unknown error: unhandled inspector error: {"code":-32000,"message":"Cannot take screenshot with 0 width."}
  (Session info: chrome=92.0.4515.131)
Build info: version: '3.141.59', revision: 'e82be7d358', time: '2018-11-14T08:25:53'
System info: host: 'DESKTOP-7JFCFTT', ip: '10.0.0.109', os.name: 'Windows 10', os.arch: 'amd64', os.version: '10.0', java.version: '1.8.0_282'
Driver info: com.kms.katalon.selenium.driver.CChromeDriver
Capabilities {acceptInsecureCerts: false, browserName: chrome, browserVersion: 92.0.4515.131, chrome: {chromedriverVersion: 92.0.4515.43 (8c61b7e2989f2..., userDataDir: C:\Users\Arvind\AppData\Loc...}, goog:chromeOptions: {debuggerAddress: localhost:57317}, javascriptEnabled: true, networkConnectionEnabled: false, pageLoadStrategy: normal, platform: WINDOWS, platformName: WINDOWS, proxy: Proxy(), setWindowRect: true, strictFileInteractability: false, timeouts: {implicit: 0, pageLoad: 300000, script: 30000}, unhandledPromptBehavior: dismiss and notify, webauthn:extension:credBlob: true, webauthn:extension:largeBlob: true, webauthn:virtualAuthenticators: true}
Session ID: da9e167abf14e353690836ed37cda770.

2021-08-05 21:16:13 - [MESSAGE][WARNING] - [SELF-HEALING] 'other' is different type of Path

2021-08-05 21:16:14 - [MESSAGE][INFO] - Unable to find the element located by 'By.xpath: //*[(text() = 'Your order on My Store is complete.' or . = 'Your order on My Store is complete.')]'. Please recheck the objects properties to make sure the desired element is located. 

2021-08-05 21:16:15 - [MESSAGE][INFO] - Unable to find the element located by 'By.cssSelector: p.alert.alert-success'. Please recheck the objects properties to make sure the desired element is located. 

2021-08-05 21:16:15 - [MESSAGE][FAILED] - Unable to click on object 'Object Repository/YourLogo/Page_Order confirmation - My Store/btnShippingCheckout' (Root cause: com.kms.katalon.core.exception.StepFailedException: Unable to click on object 'Object Repository/YourLogo/Page_Order confirmation - My Store/btnShippingCheckout'
	at com.kms.katalon.core.webui.keyword.internal.WebUIKeywordMain.stepFailed(WebUIKeywordMain.groovy:64)
	at com.kms.katalon.core.webui.keyword.internal.WebUIKeywordMain.runKeyword(WebUIKeywordMain.groovy:26)
	at com.kms.katalon.core.webui.keyword.builtin.ClickKeyword.click(ClickKeyword.groovy:75)
	at com.kms.katalon.core.webui.keyword.builtin.ClickKeyword.execute(ClickKeyword.groovy:42)
	at com.kms.katalon.core.keyword.internal.KeywordExecutor.executeKeywordForPlatform(KeywordExecutor.groovy:73)
	at com.kms.katalon.core.webui.keyword.WebUiBuiltInKeywords.click(WebUiBuiltInKeywords.groovy:620)
	at com.kms.katalon.core.webui.keyword.WebUiBuiltInKeywords$click$1.call(Unknown Source)
	at ReOrderFromOrderHistory.run(ReOrderFromOrderHistory:53)
	at com.kms.katalon.core.main.ScriptEngine.run(ScriptEngine.java:194)
	at com.kms.katalon.core.main.ScriptEngine.runScriptAsRawText(ScriptEngine.java:119)
	at com.kms.katalon.core.main.TestCaseExecutor.runScript(TestCaseExecutor.java:369)
	at com.kms.katalon.core.main.TestCaseExecutor.doExecute(TestCaseExecutor.java:360)
	at com.kms.katalon.core.main.TestCaseExecutor.processExecutionPhase(TestCaseExecutor.java:339)
	at com.kms.katalon.core.main.TestCaseExecutor.accessMainPhase(TestCaseExecutor.java:331)
	at com.kms.katalon.core.main.TestCaseExecutor.execute(TestCaseExecutor.java:248)
	at com.kms.katalon.core.main.TestSuiteExecutor.accessTestCaseMainPhase(TestSuiteExecutor.java:191)
	at com.kms.katalon.core.main.TestSuiteExecutor.accessTestSuiteMainPhase(TestSuiteExecutor.java:140)
	at com.kms.katalon.core.main.TestSuiteExecutor.execute(TestSuiteExecutor.java:89)
	at com.kms.katalon.core.main.TestCaseMain.startTestSuite(TestCaseMain.java:185)
	at com.kms.katalon.core.main.TestCaseMain$startTestSuite$0.call(Unknown Source)
	at TempTestSuite1628190811787.run(TempTestSuite1628190811787.groovy:39)
Caused by: com.kms.katalon.core.webui.exception.WebElementNotFoundException: Web element with id: 'Object Repository/YourLogo/Page_Order confirmation - My Store/btnShippingCheckout' located by '//div[@id='center_column']/p' not found
	at com.kms.katalon.core.webui.common.WebUiCommonHelper.findWebElement(WebUiCommonHelper.java:1368)
	at com.kms.katalon.core.webui.keyword.internal.WebUIAbstractKeyword.findWebElement(WebUIAbstractKeyword.groovy:27)
	at com.kms.katalon.core.webui.keyword.internal.WebUIAbstractKeyword.findWebElement(WebUIAbstractKeyword.groovy:26)
	at com.kms.katalon.core.webui.keyword.builtin.ClickKeyword$_click_closure1.doCall(ClickKeyword.groovy:66)
	at com.kms.katalon.core.webui.keyword.builtin.ClickKeyword$_click_closure1.call(ClickKeyword.groovy)
	at com.kms.katalon.core.webui.keyword.internal.WebUIKeywordMain.runKeyword(WebUIKeywordMain.groovy:20)
	at com.kms.katalon.core.webui.keyword.builtin.ClickKeyword.click(ClickKeyword.groovy:75)
	at com.kms.katalon.core.webui.keyword.builtin.ClickKeyword.execute(ClickKeyword.groovy:42)
	at com.kms.katalon.core.keyword.internal.KeywordExecutor.executeKeywordForPlatform(KeywordExecutor.groovy:73)
	at com.kms.katalon.core.webui.keyword.WebUiBuiltInKeywords.click(WebUiBuiltInKeywords.groovy:620)
	at com.kms.katalon.core.webui.keyword.WebUiBuiltInKeywords$click$1.call(Unknown Source)
	at Script1628175990443.run(Script1628175990443.groovy:53)
	... 13 more
)
[[ATTACHMENT|C:\\Users\\Arvind\\Katalon Studio\\Login2YourLogo\\Reports\\20210805_211331\\YourLogoTestdata\\20210805_211331\\1628190975458.png]]]]></system-out>
         <system-err><![CDATA[2021-08-05 21:13:46 - [TEST_CASE][FAILED] - Test Cases/ReOrderFromOrderHistory: Test Cases/ReOrderFromOrderHistory FAILED.
Reason:
com.kms.katalon.core.exception.StepFailedException: Unable to click on object 'Object Repository/YourLogo/Page_Order confirmation - My Store/btnShippingCheckout'
	at com.kms.katalon.core.webui.keyword.internal.WebUIKeywordMain.stepFailed(WebUIKeywordMain.groovy:64)
	at com.kms.katalon.core.webui.keyword.internal.WebUIKeywordMain.runKeyword(WebUIKeywordMain.groovy:26)
	at com.kms.katalon.core.webui.keyword.builtin.ClickKeyword.click(ClickKeyword.groovy:75)
	at com.kms.katalon.core.webui.keyword.builtin.ClickKeyword.execute(ClickKeyword.groovy:42)
	at com.kms.katalon.core.keyword.internal.KeywordExecutor.executeKeywordForPlatform(KeywordExecutor.groovy:73)
	at com.kms.katalon.core.webui.keyword.WebUiBuiltInKeywords.click(WebUiBuiltInKeywords.groovy:620)
	at com.kms.katalon.core.webui.keyword.WebUiBuiltInKeywords$click$1.call(Unknown Source)
	at ReOrderFromOrderHistory.run(ReOrderFromOrderHistory:53)
	at com.kms.katalon.core.main.ScriptEngine.run(ScriptEngine.java:194)
	at com.kms.katalon.core.main.ScriptEngine.runScriptAsRawText(ScriptEngine.java:119)
	at com.kms.katalon.core.main.TestCaseExecutor.runScript(TestCaseExecutor.java:369)
	at com.kms.katalon.core.main.TestCaseExecutor.doExecute(TestCaseExecutor.java:360)
	at com.kms.katalon.core.main.TestCaseExecutor.processExecutionPhase(TestCaseExecutor.java:339)
	at com.kms.katalon.core.main.TestCaseExecutor.accessMainPhase(TestCaseExecutor.java:331)
	at com.kms.katalon.core.main.TestCaseExecutor.execute(TestCaseExecutor.java:248)
	at com.kms.katalon.core.main.TestSuiteExecutor.accessTestCaseMainPhase(TestSuiteExecutor.java:191)
	at com.kms.katalon.core.main.TestSuiteExecutor.accessTestSuiteMainPhase(TestSuiteExecutor.java:140)
	at com.kms.katalon.core.main.TestSuiteExecutor.execute(TestSuiteExecutor.java:89)
	at com.kms.katalon.core.main.TestCaseMain.startTestSuite(TestCaseMain.java:185)
	at com.kms.katalon.core.main.TestCaseMain$startTestSuite$0.call(Unknown Source)
	at TempTestSuite1628190811787.run(TempTestSuite1628190811787.groovy:39)
Caused by: com.kms.katalon.core.webui.exception.WebElementNotFoundException: Web element with id: 'Object Repository/YourLogo/Page_Order confirmation - My Store/btnShippingCheckout' located by '//div[@id='center_column']/p' not found
	at com.kms.katalon.core.webui.common.WebUiCommonHelper.findWebElement(WebUiCommonHelper.java:1368)
	at com.kms.katalon.core.webui.keyword.internal.WebUIAbstractKeyword.findWebElement(WebUIAbstractKeyword.groovy:27)
	at com.kms.katalon.core.webui.keyword.internal.WebUIAbstractKeyword.findWebElement(WebUIAbstractKeyword.groovy:26)
	at com.kms.katalon.core.webui.keyword.builtin.ClickKeyword$_click_closure1.doCall(ClickKeyword.groovy:66)
	at com.kms.katalon.core.webui.keyword.builtin.ClickKeyword$_click_closure1.call(ClickKeyword.groovy)
	at com.kms.katalon.core.webui.keyword.internal.WebUIKeywordMain.runKeyword(WebUIKeywordMain.groovy:20)
	... 19 more]]></system-err>
      </testcase>
      <testcase name="Test Cases/ReOrderFromOrderHistory" time="138.101" classname="Test Cases/ReOrderFromOrderHistory" status="FAILED">
         <failure type="FAILED" message="Test Cases/ReOrderFromOrderHistory FAILED.
Reason:
com.kms.katalon.core.exception.StepFailedException: Unable to click on object 'Object Repository/YourLogo/Page_Order - My Store/chkTnC'
	at com.kms.katalon.core.webui.keyword.internal.WebUIKeywordMain.stepFailed(WebUIKeywordMain.groovy:64)
	at com.kms.katalon.core.webui.keyword.internal.WebUIKeywordMain.runKeyword(WebUIKeywordMain.groovy:26)
	at com.kms.katalon.core.webui.keyword.builtin.ClickKeyword.click(ClickKeyword.groovy:75)
	at com.kms.katalon.core.webui.keyword.builtin.ClickKeyword.execute(ClickKeyword.groovy:42)
	at com.kms.katalon.core.keyword.internal.KeywordExecutor.executeKeywordForPlatform(KeywordExecutor.groovy:73)
	at com.kms.katalon.core.webui.keyword.WebUiBuiltInKeywords.click(WebUiBuiltInKeywords.groovy:620)
	at com.kms.katalon.core.webui.keyword.WebUiBuiltInKeywords$click$1.call(Unknown Source)
	at ReOrderFromOrderHistory.run(ReOrderFromOrderHistory:47)
	at com.kms.katalon.core.main.ScriptEngine.run(ScriptEngine.java:194)
	at com.kms.katalon.core.main.ScriptEngine.runScriptAsRawText(ScriptEngine.java:119)
	at com.kms.katalon.core.main.TestCaseExecutor.runScript(TestCaseExecutor.java:369)
	at com.kms.katalon.core.main.TestCaseExecutor.doExecute(TestCaseExecutor.java:360)
	at com.kms.katalon.core.main.TestCaseExecutor.processExecutionPhase(TestCaseExecutor.java:339)
	at com.kms.katalon.core.main.TestCaseExecutor.accessMainPhase(TestCaseExecutor.java:331)
	at com.kms.katalon.core.main.TestCaseExecutor.execute(TestCaseExecutor.java:248)
	at com.kms.katalon.core.main.TestSuiteExecutor.accessTestCaseMainPhase(TestSuiteExecutor.java:191)
	at com.kms.katalon.core.main.TestSuiteExecutor.accessTestSuiteMainPhase(TestSuiteExecutor.java:140)
	at com.kms.katalon.core.main.TestSuiteExecutor.execute(TestSuiteExecutor.java:89)
	at com.kms.katalon.core.main.TestCaseMain.startTestSuite(TestCaseMain.java:185)
	at com.kms.katalon.core.main.TestCaseMain$startTestSuite$0.call(Unknown Source)
	at TempTestSuite1628190811787.run(TempTestSuite1628190811787.groovy:39)
Caused by: com.kms.katalon.core.webui.exception.WebElementNotFoundException: Web element with id: 'Object Repository/YourLogo/Page_Order - My Store/chkTnC' located by '//input[@id='cgv']' not found
	at com.kms.katalon.core.webui.common.WebUiCommonHelper.findWebElement(WebUiCommonHelper.java:1368)
	at com.kms.katalon.core.webui.keyword.internal.WebUIAbstractKeyword.findWebElement(WebUIAbstractKeyword.groovy:27)
	at com.kms.katalon.core.webui.keyword.internal.WebUIAbstractKeyword.findWebElement(WebUIAbstractKeyword.groovy:26)
	at com.kms.katalon.core.webui.keyword.builtin.ClickKeyword$_click_closure1.doCall(ClickKeyword.groovy:66)
	at com.kms.katalon.core.webui.keyword.builtin.ClickKeyword$_click_closure1.call(ClickKeyword.groovy)
	at com.kms.katalon.core.webui.keyword.internal.WebUIKeywordMain.runKeyword(WebUIKeywordMain.groovy:20)
	... 19 more
"/>
         <system-out><![CDATA[2021-08-05 21:16:15 - [TEST_CASE][FAILED] - Test Cases/ReOrderFromOrderHistory: Test Cases/ReOrderFromOrderHistory FAILED.
Reason:
com.kms.katalon.core.exception.StepFailedException: Unable to click on object 'Object Repository/YourLogo/Page_Order - My Store/chkTnC'
	at com.kms.katalon.core.webui.keyword.internal.WebUIKeywordMain.stepFailed(WebUIKeywordMain.groovy:64)
	at com.kms.katalon.core.webui.keyword.internal.WebUIKeywordMain.runKeyword(WebUIKeywordMain.groovy:26)
	at com.kms.katalon.core.webui.keyword.builtin.ClickKeyword.click(ClickKeyword.groovy:75)
	at com.kms.katalon.core.webui.keyword.builtin.ClickKeyword.execute(ClickKeyword.groovy:42)
	at com.kms.katalon.core.keyword.internal.KeywordExecutor.executeKeywordForPlatform(KeywordExecutor.groovy:73)
	at com.kms.katalon.core.webui.keyword.WebUiBuiltInKeywords.click(WebUiBuiltInKeywords.groovy:620)
	at com.kms.katalon.core.webui.keyword.WebUiBuiltInKeywords$click$1.call(Unknown Source)
	at ReOrderFromOrderHistory.run(ReOrderFromOrderHistory:47)
	at com.kms.katalon.core.main.ScriptEngine.run(ScriptEngine.java:194)
	at com.kms.katalon.core.main.ScriptEngine.runScriptAsRawText(ScriptEngine.java:119)
	at com.kms.katalon.core.main.TestCaseExecutor.runScript(TestCaseExecutor.java:369)
	at com.kms.katalon.core.main.TestCaseExecutor.doExecute(TestCaseExecutor.java:360)
	at com.kms.katalon.core.main.TestCaseExecutor.processExecutionPhase(TestCaseExecutor.java:339)
	at com.kms.katalon.core.main.TestCaseExecutor.accessMainPhase(TestCaseExecutor.java:331)
	at com.kms.katalon.core.main.TestCaseExecutor.execute(TestCaseExecutor.java:248)
	at com.kms.katalon.core.main.TestSuiteExecutor.accessTestCaseMainPhase(TestSuiteExecutor.java:191)
	at com.kms.katalon.core.main.TestSuiteExecutor.accessTestSuiteMainPhase(TestSuiteExecutor.java:140)
	at com.kms.katalon.core.main.TestSuiteExecutor.execute(TestSuiteExecutor.java:89)
	at com.kms.katalon.core.main.TestCaseMain.startTestSuite(TestCaseMain.java:185)
	at com.kms.katalon.core.main.TestCaseMain$startTestSuite$0.call(Unknown Source)
	at TempTestSuite1628190811787.run(TempTestSuite1628190811787.groovy:39)
Caused by: com.kms.katalon.core.webui.exception.WebElementNotFoundException: Web element with id: 'Object Repository/YourLogo/Page_Order - My Store/chkTnC' located by '//input[@id='cgv']' not found
	at com.kms.katalon.core.webui.common.WebUiCommonHelper.findWebElement(WebUiCommonHelper.java:1368)
	at com.kms.katalon.core.webui.keyword.internal.WebUIAbstractKeyword.findWebElement(WebUIAbstractKeyword.groovy:27)
	at com.kms.katalon.core.webui.keyword.internal.WebUIAbstractKeyword.findWebElement(WebUIAbstractKeyword.groovy:26)
	at com.kms.katalon.core.webui.keyword.builtin.ClickKeyword$_click_closure1.doCall(ClickKeyword.groovy:66)
	at com.kms.katalon.core.webui.keyword.builtin.ClickKeyword$_click_closure1.call(ClickKeyword.groovy)
	at com.kms.katalon.core.webui.keyword.internal.WebUIKeywordMain.runKeyword(WebUIKeywordMain.groovy:20)
	... 19 more


2021-08-05 21:16:15 - [TEST_STEP][PASSED] - openBrowser(url): Browser is opened with url: 'http://automationpractice.com/index.php?controller=authentication&back=my-account'

2021-08-05 21:16:15 - [MESSAGE][WARNING] - A browser is already opened. Closing browser and opening a new one

2021-08-05 21:16:16 - [MESSAGE][INFO] - Starting 'Chrome' driver

2021-08-05 21:16:16 - [MESSAGE][INFO] - Action delay is set to 0 milliseconds

2021-08-05 21:16:28 - [MESSAGE][PASSED] - Browser is opened with url: 'http://automationpractice.com/index.php?controller=authentication&back=my-account'

2021-08-05 21:16:28 - [TEST_STEP][PASSED] - setText(findTestObject("YourLogo/LoginPage/txtUsername"), strUsername): Text 'arvind.moosanah@gmail.com' is set on object 'Object Repository/YourLogo/LoginPage/txtUsername'

2021-08-05 21:16:29 - [MESSAGE][PASSED] - Text 'arvind.moosanah@gmail.com' is set on object 'Object Repository/YourLogo/LoginPage/txtUsername'

2021-08-05 21:16:29 - [TEST_STEP][PASSED] - setText(findTestObject("YourLogo/LoginPage/txtPasswd"), strPasswrd): Text 'Arvind@2412' is set on object 'Object Repository/YourLogo/LoginPage/txtPasswd'

2021-08-05 21:16:30 - [MESSAGE][PASSED] - Text 'Arvind@2412' is set on object 'Object Repository/YourLogo/LoginPage/txtPasswd'

2021-08-05 21:16:30 - [TEST_STEP][PASSED] - click(findTestObject("YourLogo/LoginPage/btnSignIn")): Object: 'Object Repository/YourLogo/LoginPage/btnSignIn' is clicked on

2021-08-05 21:16:37 - [MESSAGE][PASSED] - Object: 'Object Repository/YourLogo/LoginPage/btnSignIn' is clicked on

2021-08-05 21:16:37 - [TEST_STEP][PASSED] - click(findTestObject("YourLogo/Page_My account - My Store/btnOrderHstrynDtls")): Object: 'Object Repository/YourLogo/Page_My account - My Store/btnOrderHstrynDtls' is clicked on

2021-08-05 21:16:56 - [MESSAGE][PASSED] - Object: 'Object Repository/YourLogo/Page_My account - My Store/btnOrderHstrynDtls' is clicked on

2021-08-05 21:16:56 - [TEST_STEP][PASSED] - click(findTestObject("YourLogo/Page_Order history - My Store/span_Reorder_footable-toggle")): Object: 'Object Repository/YourLogo/Page_Order history - My Store/span_Reorder_footable-toggle' is clicked on

2021-08-05 21:16:57 - [MESSAGE][PASSED] - Object: 'Object Repository/YourLogo/Page_Order history - My Store/span_Reorder_footable-toggle' is clicked on

2021-08-05 21:16:57 - [TEST_STEP][PASSED] - click(findTestObject("YourLogo/Page_Order history - My Store/btnReOrder")): Object: 'Object Repository/YourLogo/Page_Order history - My Store/btnReOrder' is clicked on

2021-08-05 21:17:13 - [MESSAGE][PASSED] - Object: 'Object Repository/YourLogo/Page_Order history - My Store/btnReOrder' is clicked on

2021-08-05 21:17:13 - [TEST_STEP][PASSED] - click(findTestObject("YourLogo/Page_Order - My Store/btnSummaryCheckout")): Object: 'Object Repository/YourLogo/Page_Order - My Store/btnSummaryCheckout' is clicked on

2021-08-05 21:17:14 - [MESSAGE][PASSED] - Object: 'Object Repository/YourLogo/Page_Order - My Store/btnSummaryCheckout' is clicked on

2021-08-05 21:17:14 - [TEST_STEP][PASSED] - setText(findTestObject("YourLogo/Page_Order - My Store/txtfreetext"), Comment): Text 'Can I have same in Blue color' is set on object 'Object Repository/YourLogo/Page_Order - My Store/txtfreetext'

2021-08-05 21:17:25 - [MESSAGE][PASSED] - Text 'Can I have same in Blue color' is set on object 'Object Repository/YourLogo/Page_Order - My Store/txtfreetext'

2021-08-05 21:17:25 - [TEST_STEP][PASSED] - click(findTestObject("YourLogo/Page_Order - My Store/btnAddressCheckout")): Object: 'Object Repository/YourLogo/Page_Order - My Store/btnAddressCheckout' is clicked on

2021-08-05 21:17:57 - [MESSAGE][INFO] - Unable to find the element located by 'By.xpath: //form[@id='form']/p/button/span'. Please recheck the objects properties to make sure the desired element is located. 

2021-08-05 21:17:57 - [MESSAGE][WARNING] - [SELF-HEALING] Failed to find element with id 'Object Repository/YourLogo/Page_Order - My Store/btnAddressCheckout'. Try using Self-healing.

2021-08-05 21:17:57 - [MESSAGE][WARNING] - [SELF-HEALING] The current locator of test object 'Object Repository/YourLogo/Page_Order - My Store/btnAddressCheckout' was broken. Propose an alternative one: '(.//*[normalize-space(text()) and normalize-space(.)='Newsletter'])[1]/preceding::span[1]'.

2021-08-05 21:17:58 - [MESSAGE][PASSED] - Object: 'Object Repository/YourLogo/Page_Order - My Store/btnAddressCheckout' is clicked on

2021-08-05 21:17:58 - [TEST_STEP][FAILED] - click(findTestObject("YourLogo/Page_Order - My Store/chkTnC")): Unable to click on object 'Object Repository/YourLogo/Page_Order - My Store/chkTnC' (Root cause: com.kms.katalon.core.exception.StepFailedException: Unable to click on object 'Object Repository/YourLogo/Page_Order - My Store/chkTnC'
	at com.kms.katalon.core.webui.keyword.internal.WebUIKeywordMain.stepFailed(WebUIKeywordMain.groovy:64)
	at com.kms.katalon.core.webui.keyword.internal.WebUIKeywordMain.runKeyword(WebUIKeywordMain.groovy:26)
	at com.kms.katalon.core.webui.keyword.builtin.ClickKeyword.click(ClickKeyword.groovy:75)
	at com.kms.katalon.core.webui.keyword.builtin.ClickKeyword.execute(ClickKeyword.groovy:42)
	at com.kms.katalon.core.keyword.internal.KeywordExecutor.executeKeywordForPlatform(KeywordExecutor.groovy:73)
	at com.kms.katalon.core.webui.keyword.WebUiBuiltInKeywords.click(WebUiBuiltInKeywords.groovy:620)
	at com.kms.katalon.core.webui.keyword.WebUiBuiltInKeywords$click$1.call(Unknown Source)
	at ReOrderFromOrderHistory.run(ReOrderFromOrderHistory:47)
	at com.kms.katalon.core.main.ScriptEngine.run(ScriptEngine.java:194)
	at com.kms.katalon.core.main.ScriptEngine.runScriptAsRawText(ScriptEngine.java:119)
	at com.kms.katalon.core.main.TestCaseExecutor.runScript(TestCaseExecutor.java:369)
	at com.kms.katalon.core.main.TestCaseExecutor.doExecute(TestCaseExecutor.java:360)
	at com.kms.katalon.core.main.TestCaseExecutor.processExecutionPhase(TestCaseExecutor.java:339)
	at com.kms.katalon.core.main.TestCaseExecutor.accessMainPhase(TestCaseExecutor.java:331)
	at com.kms.katalon.core.main.TestCaseExecutor.execute(TestCaseExecutor.java:248)
	at com.kms.katalon.core.main.TestSuiteExecutor.accessTestCaseMainPhase(TestSuiteExecutor.java:191)
	at com.kms.katalon.core.main.TestSuiteExecutor.accessTestSuiteMainPhase(TestSuiteExecutor.java:140)
	at com.kms.katalon.core.main.TestSuiteExecutor.execute(TestSuiteExecutor.java:89)
	at com.kms.katalon.core.main.TestCaseMain.startTestSuite(TestCaseMain.java:185)
	at com.kms.katalon.core.main.TestCaseMain$startTestSuite$0.call(Unknown Source)
	at TempTestSuite1628190811787.run(TempTestSuite1628190811787.groovy:39)
Caused by: com.kms.katalon.core.webui.exception.WebElementNotFoundException: Web element with id: 'Object Repository/YourLogo/Page_Order - My Store/chkTnC' located by '//input[@id='cgv']' not found
	at com.kms.katalon.core.webui.common.WebUiCommonHelper.findWebElement(WebUiCommonHelper.java:1368)
	at com.kms.katalon.core.webui.keyword.internal.WebUIAbstractKeyword.findWebElement(WebUIAbstractKeyword.groovy:27)
	at com.kms.katalon.core.webui.keyword.internal.WebUIAbstractKeyword.findWebElement(WebUIAbstractKeyword.groovy:26)
	at com.kms.katalon.core.webui.keyword.builtin.ClickKeyword$_click_closure1.doCall(ClickKeyword.groovy:66)
	at com.kms.katalon.core.webui.keyword.builtin.ClickKeyword$_click_closure1.call(ClickKeyword.groovy)
	at com.kms.katalon.core.webui.keyword.internal.WebUIKeywordMain.runKeyword(WebUIKeywordMain.groovy:20)
	at com.kms.katalon.core.webui.keyword.builtin.ClickKeyword.click(ClickKeyword.groovy:75)
	at com.kms.katalon.core.webui.keyword.builtin.ClickKeyword.execute(ClickKeyword.groovy:42)
	at com.kms.katalon.core.keyword.internal.KeywordExecutor.executeKeywordForPlatform(KeywordExecutor.groovy:73)
	at com.kms.katalon.core.webui.keyword.WebUiBuiltInKeywords.click(WebUiBuiltInKeywords.groovy:620)
	at com.kms.katalon.core.webui.keyword.WebUiBuiltInKeywords$click$1.call(Unknown Source)
	at Script1628175990443.run(Script1628175990443.groovy:47)
	... 13 more
)

2021-08-05 21:18:29 - [MESSAGE][INFO] - Unable to find the element located by 'By.xpath: //input[@id='cgv']'. Please recheck the objects properties to make sure the desired element is located. 

2021-08-05 21:18:29 - [MESSAGE][WARNING] - [SELF-HEALING] Failed to find element with id 'Object Repository/YourLogo/Page_Order - My Store/chkTnC'. Try using Self-healing.

2021-08-05 21:18:29 - [MESSAGE][INFO] - [SELF-HEALING] Failed Locator: '//input[@id='cgv']'.

2021-08-05 21:18:30 - [MESSAGE][INFO] - [SELF-HEALING] Failed Locator: '//div[@id='uniform-cgv']/span/input'.

2021-08-05 21:18:30 - [MESSAGE][INFO] - [SELF-HEALING] Failed Locator: '//p[2]/div/span/input'.

2021-08-05 21:18:30 - [MESSAGE][INFO] - [SELF-HEALING] Failed Locator: '//input[@id='cgv']'.

2021-08-05 21:18:30 - [MESSAGE][INFO] - [SELF-HEALING] Failed Locator: '//div[@id='uniform-cgv']/span/input'.

2021-08-05 21:18:31 - [MESSAGE][INFO] - [SELF-HEALING] Failed Locator: '//p[2]/div/span/input'.

2021-08-05 21:18:32 - [MESSAGE][INFO] - Unable to find the element located by 'By.xpath: //*[@type = 'checkbox' and @name = 'cgv' and @id = 'cgv']'. Please recheck the objects properties to make sure the desired element is located. 

2021-08-05 21:18:33 - [MESSAGE][INFO] - Unable to find the element located by 'By.cssSelector: #cgv'. Please recheck the objects properties to make sure the desired element is located. 

2021-08-05 21:18:33 - [MESSAGE][FAILED] - Unable to click on object 'Object Repository/YourLogo/Page_Order - My Store/chkTnC' (Root cause: com.kms.katalon.core.exception.StepFailedException: Unable to click on object 'Object Repository/YourLogo/Page_Order - My Store/chkTnC'
	at com.kms.katalon.core.webui.keyword.internal.WebUIKeywordMain.stepFailed(WebUIKeywordMain.groovy:64)
	at com.kms.katalon.core.webui.keyword.internal.WebUIKeywordMain.runKeyword(WebUIKeywordMain.groovy:26)
	at com.kms.katalon.core.webui.keyword.builtin.ClickKeyword.click(ClickKeyword.groovy:75)
	at com.kms.katalon.core.webui.keyword.builtin.ClickKeyword.execute(ClickKeyword.groovy:42)
	at com.kms.katalon.core.keyword.internal.KeywordExecutor.executeKeywordForPlatform(KeywordExecutor.groovy:73)
	at com.kms.katalon.core.webui.keyword.WebUiBuiltInKeywords.click(WebUiBuiltInKeywords.groovy:620)
	at com.kms.katalon.core.webui.keyword.WebUiBuiltInKeywords$click$1.call(Unknown Source)
	at ReOrderFromOrderHistory.run(ReOrderFromOrderHistory:47)
	at com.kms.katalon.core.main.ScriptEngine.run(ScriptEngine.java:194)
	at com.kms.katalon.core.main.ScriptEngine.runScriptAsRawText(ScriptEngine.java:119)
	at com.kms.katalon.core.main.TestCaseExecutor.runScript(TestCaseExecutor.java:369)
	at com.kms.katalon.core.main.TestCaseExecutor.doExecute(TestCaseExecutor.java:360)
	at com.kms.katalon.core.main.TestCaseExecutor.processExecutionPhase(TestCaseExecutor.java:339)
	at com.kms.katalon.core.main.TestCaseExecutor.accessMainPhase(TestCaseExecutor.java:331)
	at com.kms.katalon.core.main.TestCaseExecutor.execute(TestCaseExecutor.java:248)
	at com.kms.katalon.core.main.TestSuiteExecutor.accessTestCaseMainPhase(TestSuiteExecutor.java:191)
	at com.kms.katalon.core.main.TestSuiteExecutor.accessTestSuiteMainPhase(TestSuiteExecutor.java:140)
	at com.kms.katalon.core.main.TestSuiteExecutor.execute(TestSuiteExecutor.java:89)
	at com.kms.katalon.core.main.TestCaseMain.startTestSuite(TestCaseMain.java:185)
	at com.kms.katalon.core.main.TestCaseMain$startTestSuite$0.call(Unknown Source)
	at TempTestSuite1628190811787.run(TempTestSuite1628190811787.groovy:39)
Caused by: com.kms.katalon.core.webui.exception.WebElementNotFoundException: Web element with id: 'Object Repository/YourLogo/Page_Order - My Store/chkTnC' located by '//input[@id='cgv']' not found
	at com.kms.katalon.core.webui.common.WebUiCommonHelper.findWebElement(WebUiCommonHelper.java:1368)
	at com.kms.katalon.core.webui.keyword.internal.WebUIAbstractKeyword.findWebElement(WebUIAbstractKeyword.groovy:27)
	at com.kms.katalon.core.webui.keyword.internal.WebUIAbstractKeyword.findWebElement(WebUIAbstractKeyword.groovy:26)
	at com.kms.katalon.core.webui.keyword.builtin.ClickKeyword$_click_closure1.doCall(ClickKeyword.groovy:66)
	at com.kms.katalon.core.webui.keyword.builtin.ClickKeyword$_click_closure1.call(ClickKeyword.groovy)
	at com.kms.katalon.core.webui.keyword.internal.WebUIKeywordMain.runKeyword(WebUIKeywordMain.groovy:20)
	at com.kms.katalon.core.webui.keyword.builtin.ClickKeyword.click(ClickKeyword.groovy:75)
	at com.kms.katalon.core.webui.keyword.builtin.ClickKeyword.execute(ClickKeyword.groovy:42)
	at com.kms.katalon.core.keyword.internal.KeywordExecutor.executeKeywordForPlatform(KeywordExecutor.groovy:73)
	at com.kms.katalon.core.webui.keyword.WebUiBuiltInKeywords.click(WebUiBuiltInKeywords.groovy:620)
	at com.kms.katalon.core.webui.keyword.WebUiBuiltInKeywords$click$1.call(Unknown Source)
	at Script1628175990443.run(Script1628175990443.groovy:47)
	... 13 more
)
[[ATTACHMENT|C:\\Users\\Arvind\\Katalon Studio\\Login2YourLogo\\Reports\\20210805_211331\\YourLogoTestdata\\20210805_211331\\1628191113667.png]]]]></system-out>
         <system-err><![CDATA[2021-08-05 21:16:15 - [TEST_CASE][FAILED] - Test Cases/ReOrderFromOrderHistory: Test Cases/ReOrderFromOrderHistory FAILED.
Reason:
com.kms.katalon.core.exception.StepFailedException: Unable to click on object 'Object Repository/YourLogo/Page_Order - My Store/chkTnC'
	at com.kms.katalon.core.webui.keyword.internal.WebUIKeywordMain.stepFailed(WebUIKeywordMain.groovy:64)
	at com.kms.katalon.core.webui.keyword.internal.WebUIKeywordMain.runKeyword(WebUIKeywordMain.groovy:26)
	at com.kms.katalon.core.webui.keyword.builtin.ClickKeyword.click(ClickKeyword.groovy:75)
	at com.kms.katalon.core.webui.keyword.builtin.ClickKeyword.execute(ClickKeyword.groovy:42)
	at com.kms.katalon.core.keyword.internal.KeywordExecutor.executeKeywordForPlatform(KeywordExecutor.groovy:73)
	at com.kms.katalon.core.webui.keyword.WebUiBuiltInKeywords.click(WebUiBuiltInKeywords.groovy:620)
	at com.kms.katalon.core.webui.keyword.WebUiBuiltInKeywords$click$1.call(Unknown Source)
	at ReOrderFromOrderHistory.run(ReOrderFromOrderHistory:47)
	at com.kms.katalon.core.main.ScriptEngine.run(ScriptEngine.java:194)
	at com.kms.katalon.core.main.ScriptEngine.runScriptAsRawText(ScriptEngine.java:119)
	at com.kms.katalon.core.main.TestCaseExecutor.runScript(TestCaseExecutor.java:369)
	at com.kms.katalon.core.main.TestCaseExecutor.doExecute(TestCaseExecutor.java:360)
	at com.kms.katalon.core.main.TestCaseExecutor.processExecutionPhase(TestCaseExecutor.java:339)
	at com.kms.katalon.core.main.TestCaseExecutor.accessMainPhase(TestCaseExecutor.java:331)
	at com.kms.katalon.core.main.TestCaseExecutor.execute(TestCaseExecutor.java:248)
	at com.kms.katalon.core.main.TestSuiteExecutor.accessTestCaseMainPhase(TestSuiteExecutor.java:191)
	at com.kms.katalon.core.main.TestSuiteExecutor.accessTestSuiteMainPhase(TestSuiteExecutor.java:140)
	at com.kms.katalon.core.main.TestSuiteExecutor.execute(TestSuiteExecutor.java:89)
	at com.kms.katalon.core.main.TestCaseMain.startTestSuite(TestCaseMain.java:185)
	at com.kms.katalon.core.main.TestCaseMain$startTestSuite$0.call(Unknown Source)
	at TempTestSuite1628190811787.run(TempTestSuite1628190811787.groovy:39)
Caused by: com.kms.katalon.core.webui.exception.WebElementNotFoundException: Web element with id: 'Object Repository/YourLogo/Page_Order - My Store/chkTnC' located by '//input[@id='cgv']' not found
	at com.kms.katalon.core.webui.common.WebUiCommonHelper.findWebElement(WebUiCommonHelper.java:1368)
	at com.kms.katalon.core.webui.keyword.internal.WebUIAbstractKeyword.findWebElement(WebUIAbstractKeyword.groovy:27)
	at com.kms.katalon.core.webui.keyword.internal.WebUIAbstractKeyword.findWebElement(WebUIAbstractKeyword.groovy:26)
	at com.kms.katalon.core.webui.keyword.builtin.ClickKeyword$_click_closure1.doCall(ClickKeyword.groovy:66)
	at com.kms.katalon.core.webui.keyword.builtin.ClickKeyword$_click_closure1.call(ClickKeyword.groovy)
	at com.kms.katalon.core.webui.keyword.internal.WebUIKeywordMain.runKeyword(WebUIKeywordMain.groovy:20)
	... 19 more]]></system-err>
      </testcase>
      <system-out><![CDATA[2021-08-05 21:13:46 - [TEST_SUITE][FAILED] - YourLogoTestdata: Test Cases/ReOrderFromOrderHistory FAILED.
Reason:
com.kms.katalon.core.exception.StepFailedException: Unable to click on object 'Object Repository/YourLogo/Page_Order confirmation - My Store/btnShippingCheckout'
	at com.kms.katalon.core.webui.keyword.internal.WebUIKeywordMain.stepFailed(WebUIKeywordMain.groovy:64)
	at com.kms.katalon.core.webui.keyword.internal.WebUIKeywordMain.runKeyword(WebUIKeywordMain.groovy:26)
	at com.kms.katalon.core.webui.keyword.builtin.ClickKeyword.click(ClickKeyword.groovy:75)
	at com.kms.katalon.core.webui.keyword.builtin.ClickKeyword.execute(ClickKeyword.groovy:42)
	at com.kms.katalon.core.keyword.internal.KeywordExecutor.executeKeywordForPlatform(KeywordExecutor.groovy:73)
	at com.kms.katalon.core.webui.keyword.WebUiBuiltInKeywords.click(WebUiBuiltInKeywords.groovy:620)
	at com.kms.katalon.core.webui.keyword.WebUiBuiltInKeywords$click$1.call(Unknown Source)
	at ReOrderFromOrderHistory.run(ReOrderFromOrderHistory:53)
	at com.kms.katalon.core.main.ScriptEngine.run(ScriptEngine.java:194)
	at com.kms.katalon.core.main.ScriptEngine.runScriptAsRawText(ScriptEngine.java:119)
	at com.kms.katalon.core.main.TestCaseExecutor.runScript(TestCaseExecutor.java:369)
	at com.kms.katalon.core.main.TestCaseExecutor.doExecute(TestCaseExecutor.java:360)
	at com.kms.katalon.core.main.TestCaseExecutor.processExecutionPhase(TestCaseExecutor.java:339)
	at com.kms.katalon.core.main.TestCaseExecutor.accessMainPhase(TestCaseExecutor.java:331)
	at com.kms.katalon.core.main.TestCaseExecutor.execute(TestCaseExecutor.java:248)
	at com.kms.katalon.core.main.TestSuiteExecutor.accessTestCaseMainPhase(TestSuiteExecutor.java:191)
	at com.kms.katalon.core.main.TestSuiteExecutor.accessTestSuiteMainPhase(TestSuiteExecutor.java:140)
	at com.kms.katalon.core.main.TestSuiteExecutor.execute(TestSuiteExecutor.java:89)
	at com.kms.katalon.core.main.TestCaseMain.startTestSuite(TestCaseMain.java:185)
	at com.kms.katalon.core.main.TestCaseMain$startTestSuite$0.call(Unknown Source)
	at TempTestSuite1628190811787.run(TempTestSuite1628190811787.groovy:39)
Caused by: com.kms.katalon.core.webui.exception.WebElementNotFoundException: Web element with id: 'Object Repository/YourLogo/Page_Order confirmation - My Store/btnShippingCheckout' located by '//div[@id='center_column']/p' not found
	at com.kms.katalon.core.webui.common.WebUiCommonHelper.findWebElement(WebUiCommonHelper.java:1368)
	at com.kms.katalon.core.webui.keyword.internal.WebUIAbstractKeyword.findWebElement(WebUIAbstractKeyword.groovy:27)
	at com.kms.katalon.core.webui.keyword.internal.WebUIAbstractKeyword.findWebElement(WebUIAbstractKeyword.groovy:26)
	at com.kms.katalon.core.webui.keyword.builtin.ClickKeyword$_click_closure1.doCall(ClickKeyword.groovy:66)
	at com.kms.katalon.core.webui.keyword.builtin.ClickKeyword$_click_closure1.call(ClickKeyword.groovy)
	at com.kms.katalon.core.webui.keyword.internal.WebUIKeywordMain.runKeyword(WebUIKeywordMain.groovy:20)
	... 19 more]]></system-out>
      <system-err><![CDATA[2021-08-05 21:13:46 - [TEST_SUITE][FAILED] - YourLogoTestdata: Test Cases/ReOrderFromOrderHistory FAILED.
Reason:
com.kms.katalon.core.exception.StepFailedException: Unable to click on object 'Object Repository/YourLogo/Page_Order confirmation - My Store/btnShippingCheckout'
	at com.kms.katalon.core.webui.keyword.internal.WebUIKeywordMain.stepFailed(WebUIKeywordMain.groovy:64)
	at com.kms.katalon.core.webui.keyword.internal.WebUIKeywordMain.runKeyword(WebUIKeywordMain.groovy:26)
	at com.kms.katalon.core.webui.keyword.builtin.ClickKeyword.click(ClickKeyword.groovy:75)
	at com.kms.katalon.core.webui.keyword.builtin.ClickKeyword.execute(ClickKeyword.groovy:42)
	at com.kms.katalon.core.keyword.internal.KeywordExecutor.executeKeywordForPlatform(KeywordExecutor.groovy:73)
	at com.kms.katalon.core.webui.keyword.WebUiBuiltInKeywords.click(WebUiBuiltInKeywords.groovy:620)
	at com.kms.katalon.core.webui.keyword.WebUiBuiltInKeywords$click$1.call(Unknown Source)
	at ReOrderFromOrderHistory.run(ReOrderFromOrderHistory:53)
	at com.kms.katalon.core.main.ScriptEngine.run(ScriptEngine.java:194)
	at com.kms.katalon.core.main.ScriptEngine.runScriptAsRawText(ScriptEngine.java:119)
	at com.kms.katalon.core.main.TestCaseExecutor.runScript(TestCaseExecutor.java:369)
	at com.kms.katalon.core.main.TestCaseExecutor.doExecute(TestCaseExecutor.java:360)
	at com.kms.katalon.core.main.TestCaseExecutor.processExecutionPhase(TestCaseExecutor.java:339)
	at com.kms.katalon.core.main.TestCaseExecutor.accessMainPhase(TestCaseExecutor.java:331)
	at com.kms.katalon.core.main.TestCaseExecutor.execute(TestCaseExecutor.java:248)
	at com.kms.katalon.core.main.TestSuiteExecutor.accessTestCaseMainPhase(TestSuiteExecutor.java:191)
	at com.kms.katalon.core.main.TestSuiteExecutor.accessTestSuiteMainPhase(TestSuiteExecutor.java:140)
	at com.kms.katalon.core.main.TestSuiteExecutor.execute(TestSuiteExecutor.java:89)
	at com.kms.katalon.core.main.TestCaseMain.startTestSuite(TestCaseMain.java:185)
	at com.kms.katalon.core.main.TestCaseMain$startTestSuite$0.call(Unknown Source)
	at TempTestSuite1628190811787.run(TempTestSuite1628190811787.groovy:39)
Caused by: com.kms.katalon.core.webui.exception.WebElementNotFoundException: Web element with id: 'Object Repository/YourLogo/Page_Order confirmation - My Store/btnShippingCheckout' located by '//div[@id='center_column']/p' not found
	at com.kms.katalon.core.webui.common.WebUiCommonHelper.findWebElement(WebUiCommonHelper.java:1368)
	at com.kms.katalon.core.webui.keyword.internal.WebUIAbstractKeyword.findWebElement(WebUIAbstractKeyword.groovy:27)
	at com.kms.katalon.core.webui.keyword.internal.WebUIAbstractKeyword.findWebElement(WebUIAbstractKeyword.groovy:26)
	at com.kms.katalon.core.webui.keyword.builtin.ClickKeyword$_click_closure1.doCall(ClickKeyword.groovy:66)
	at com.kms.katalon.core.webui.keyword.builtin.ClickKeyword$_click_closure1.call(ClickKeyword.groovy)
	at com.kms.katalon.core.webui.keyword.internal.WebUIKeywordMain.runKeyword(WebUIKeywordMain.groovy:20)
	... 19 more]]></system-err>
   </testsuite>
</testsuites>
