<?xml version="1.0" encoding="UTF-8"?>
<testsuites name="Store" time="53.291" tests="1" failures="0" errors="0">
   <testsuite name="Store" tests="1" failures="0" errors="0" time="53.291" skipped="0" timestamp="2021-08-05 21:08:01" hostname="Arvind - DESKTOP-7JFCFTT" id="Test Suites/YourLogo Store/Store">
      <properties>
         <property name="deviceName" value=""/>
         <property name="devicePlatform" value=""/>
         <property name="logFolder" value="C:\\Users\\Arvind\\Katalon Studio\\Login2YourLogo\\Reports\\20210805_210751\\YourLogo Store\\Store\\20210805_210751"/>
         <property name="logFiles" value="C:\\Users\\Arvind\\Katalon Studio\\Login2YourLogo\\Reports\\20210805_210751\\YourLogo Store\\Store\\20210805_210751\\execution0.log"/>
         <property name="attachments" value="C:\\Users\\Arvind\\Katalon Studio\\Login2YourLogo\\Reports\\20210805_210751\\YourLogo Store\\Store\\20210805_210751\\1628190500586.png, C:\\Users\\Arvind\\Katalon Studio\\Login2YourLogo\\Reports\\20210805_210751\\YourLogo Store\\Store\\20210805_210751\\1628190524890.png"/>
         <property name="hostName" value="Arvind - DESKTOP-7JFCFTT"/>
         <property name="os" value="Windows 10 64bit"/>
         <property name="katalonVersion" value="8.0.5.208"/>
         <property name="browser" value="Chrome 92.0.4515.131"/>
         <property name="hostAddress" value="10.0.0.109"/>
         <property name="sessionId" value="aad01d3b8e79c616d76523f7e5a2009f"/>
         <property name="seleniumVersion" value="3.141.59"/>
         <property name="proxyInformation" value="ProxyInformation { proxyOption=NO_PROXY, proxyServerType=HTTP, username=, password=********, proxyServerAddress=, proxyServerPort=0, executionList=&quot;&quot;, isApplyToDesiredCapabilities=true }"/>
         <property name="platform" value="Windows 10"/>
      </properties>
      <testcase name="Test Cases/CreateWishlist" time="51.658" classname="Test Cases/CreateWishlist" status="PASSED">
         <system-out><![CDATA[2021-08-05 21:08:02 - [TEST_CASE][PASSED] - Test Cases/CreateWishlist: Test Cases/CreateWishlist

2021-08-05 21:08:03 - [TEST_STEP][PASSED] - openBrowser(url): Browser is opened with url: 'http://automationpractice.com/index.php?controller=authentication&back=my-account'

2021-08-05 21:08:03 - [MESSAGE][INFO] - Starting 'Chrome' driver

2021-08-05 21:08:03 - [MESSAGE][INFO] - Action delay is set to 0 milliseconds

2021-08-05 21:08:18 - [MESSAGE][PASSED] - Browser is opened with url: 'http://automationpractice.com/index.php?controller=authentication&back=my-account'

2021-08-05 21:08:18 - [TEST_STEP][PASSED] - setText(findTestObject("YourLogo/LoginPage/txtUsername"), strUsername): Text 'arvind.moosanah@gmail.com' is set on object 'Object Repository/YourLogo/LoginPage/txtUsername'

2021-08-05 21:08:19 - [MESSAGE][PASSED] - Text 'arvind.moosanah@gmail.com' is set on object 'Object Repository/YourLogo/LoginPage/txtUsername'

2021-08-05 21:08:19 - [TEST_STEP][PASSED] - setText(findTestObject("YourLogo/LoginPage/txtPasswd"), strPasswrd): Text 'Arvind@2412' is set on object 'Object Repository/YourLogo/LoginPage/txtPasswd'

2021-08-05 21:08:20 - [MESSAGE][PASSED] - Text 'Arvind@2412' is set on object 'Object Repository/YourLogo/LoginPage/txtPasswd'

2021-08-05 21:08:20 - [TEST_STEP][PASSED] - takeScreenshot(): Taking screenshot successfully

2021-08-05 21:08:20 - [MESSAGE][PASSED] - Taking screenshot successfully
[[ATTACHMENT|C:\\Users\\Arvind\\Katalon Studio\\Login2YourLogo\\Reports\\20210805_210751\\YourLogo Store\\Store\\20210805_210751\\1628190500586.png]]

2021-08-05 21:08:20 - [TEST_STEP][PASSED] - click(findTestObject("YourLogo/LoginPage/btnSignIn")): Object: 'Object Repository/YourLogo/LoginPage/btnSignIn' is clicked on

2021-08-05 21:08:35 - [MESSAGE][PASSED] - Object: 'Object Repository/YourLogo/LoginPage/btnSignIn' is clicked on

2021-08-05 21:08:35 - [TEST_STEP][PASSED] - click(findTestObject("YourLogo/Page_My account - My Store/btnMyWishlist")): Object: 'Object Repository/YourLogo/Page_My account - My Store/btnMyWishlist' is clicked on

2021-08-05 21:08:43 - [MESSAGE][PASSED] - Object: 'Object Repository/YourLogo/Page_My account - My Store/btnMyWishlist' is clicked on

2021-08-05 21:08:43 - [TEST_STEP][PASSED] - setText(findTestObject("YourLogo/MyWishListPage/txtWLName"), "List_Winter"): Text 'List_Winter' is set on object 'Object Repository/YourLogo/MyWishListPage/txtWLName'

2021-08-05 21:08:44 - [MESSAGE][PASSED] - Text 'List_Winter' is set on object 'Object Repository/YourLogo/MyWishListPage/txtWLName'

2021-08-05 21:08:44 - [TEST_STEP][PASSED] - takeScreenshot(): Taking screenshot successfully

2021-08-05 21:08:45 - [MESSAGE][PASSED] - Taking screenshot successfully
[[ATTACHMENT|C:\\Users\\Arvind\\Katalon Studio\\Login2YourLogo\\Reports\\20210805_210751\\YourLogo Store\\Store\\20210805_210751\\1628190524890.png]]

2021-08-05 21:08:45 - [TEST_STEP][PASSED] - click(findTestObject("YourLogo/MyWishListPage/btnSave")): Object: 'Object Repository/YourLogo/MyWishListPage/btnSave' is clicked on

2021-08-05 21:08:53 - [MESSAGE][PASSED] - Object: 'Object Repository/YourLogo/MyWishListPage/btnSave' is clicked on

2021-08-05 21:08:53 - [TEST_STEP][PASSED] - closeBrowser(): Browser is closed

2021-08-05 21:08:54 - [MESSAGE][PASSED] - Browser is closed]]></system-out>
         <system-err><![CDATA[]]></system-err>
      </testcase>
      <system-out><![CDATA[2021-08-05 21:08:01 - [TEST_SUITE][PASSED] - Store: Test Cases/CreateWishlist]]></system-out>
      <system-err><![CDATA[]]></system-err>
   </testsuite>
</testsuites>
